<?xml version="1.0" encoding="UTF-8"?>
<!-- Generated by org.testng.reporters.JUnitReportReporter -->
<testsuite hostname="MacBook-Pro.local" failures="0" tests="1" name="com.qa.tests.googleTest" time="4.755" errors="0" timestamp="02 Feb 2021 17:13:54 GMT" skipped="0">
  <testcase classname="com.qa.tests.googleTest" name="GoogleTitleTest" time="4.755"/>
</testsuite> <!-- com.qa.tests.googleTest -->
