<?xml version="1.0" encoding="UTF-8"?>
<!-- Generated by org.testng.reporters.JUnitReportReporter -->
<testsuite hostname="MacBook-Pro.local" failures="0" tests="3" name="com.qa.tests.C7_002_Corequisite" time="43.944" errors="0" timestamp="08 Feb 2021 13:27:40 GMT" skipped="0">
  <testcase classname="com.qa.tests.C7_002_Corequisite" name="test1_MasterListPage_Loaded" time="15.140"/>
  <testcase classname="com.qa.tests.C7_002_Corequisite" name="test01_EnrollinMed" time="14.611"/>
  <testcase classname="com.qa.tests.C7_002_Corequisite" name="test02_EnrollinFSA" time="14.193"/>
</testsuite> <!-- com.qa.tests.C7_002_Corequisite -->
